#
# There is insufficient memory for the Java Runtime Environment to continue.
# Native memory allocation (malloc) failed to allocate 32744 bytes for ChunkPool::allocate
# Possible reasons:
#   The system is out of physical RAM or swap space
#   The process is running with CompressedOops enabled, and the Java Heap may be blocking the growth of the native heap
# Possible solutions:
#   Reduce memory load on the system
#   Increase physical memory or swap space
#   Check if swap backing store is full
#   Decrease Java heap size (-Xmx/-Xms)
#   Decrease number of Java threads
#   Decrease Java thread stack sizes (-Xss)
#   Set larger code cache with -XX:ReservedCodeCacheSize=
#   JVM is running with Zero Based Compressed Oops mode in which the Java heap is
#     placed in the first 32GB address space. The Java Heap base address is the
#     maximum limit for the native heap growth. Please use -XX:HeapBaseMinAddress
#     to set the Java Heap base and to place the Java Heap above 32GB virtual address.
# This output file may be truncated or incomplete.
#
#  Out of Memory Error (allocation.cpp:272), pid=4020, tid=0x00000000000029bc
#
# JRE version: Java(TM) SE Runtime Environment (8.0_241-b07) (build 1.8.0_241-b07)
# Java VM: Java HotSpot(TM) 64-Bit Server VM (25.241-b07 mixed mode windows-amd64 compressed oops)
# Failed to write core dump. Minidumps are not enabled by default on client versions of Windows
#

---------------  T H R E A D  ---------------

Current thread (0x000000001e107000):  JavaThread "C1 CompilerThread2" daemon [_thread_in_native, id=10684, stack(0x000000001e980000,0x000000001ea80000)]

Stack: [0x000000001e980000,0x000000001ea80000]
[error occurred during error reporting (printing stack bounds), id 0xc0000005]

Native frames: (J=compiled Java code, j=interpreted, Vv=VM code, C=native code)


Current CompileTask:
C1:   3580 1262       3       jdk.internal.org.objectweb.asm.Item::isEqualTo (354 bytes)


---------------  P R O C E S S  ---------------

Java Threads: ( => current thread )
  0x000000001e129800 JavaThread "Service Thread" daemon [_thread_blocked, id=3380, stack(0x000000001ea80000,0x000000001eb80000)]
=>0x000000001e107000 JavaThread "C1 CompilerThread2" daemon [_thread_in_native, id=10684, stack(0x000000001e980000,0x000000001ea80000)]
  0x000000001cd69800 JavaThread "C2 CompilerThread1" daemon [_thread_blocked, id=18772, stack(0x000000001e880000,0x000000001e980000)]
  0x000000001cd67000 JavaThread "C2 CompilerThread0" daemon [_thread_in_native, id=776, stack(0x000000001e780000,0x000000001e880000)]
  0x000000001cd64800 JavaThread "Monitor Ctrl-Break" daemon [_thread_in_native, id=23556, stack(0x000000001e680000,0x000000001e780000)]
  0x000000001cd4b000 JavaThread "Attach Listener" daemon [_thread_blocked, id=10028, stack(0x000000001e580000,0x000000001e680000)]
  0x000000001cd4a800 JavaThread "Signal Dispatcher" daemon [_thread_blocked, id=21212, stack(0x000000001e480000,0x000000001e580000)]
  0x000000000357e000 JavaThread "Finalizer" daemon [_thread_blocked, id=22312, stack(0x000000001df80000,0x000000001e080000)]
  0x000000001cd09000 JavaThread "Reference Handler" daemon [_thread_blocked, id=24832, stack(0x000000001de80000,0x000000001df80000)]
  0x0000000003483800 JavaThread "main" [_thread_in_vm, id=25212, stack(0x0000000003380000,0x0000000003480000)]

Other Threads:
  0x000000001cce8000 VMThread [stack: 0x000000001dd80000,0x000000001de80000] [id=24060]
  0x000000001e19b800 WatcherThread [stack: 0x000000001eb80000,0x000000001ec80000] [id=22716]

VM state:not at safepoint (normal execution)

VM Mutex/Monitor currently owned by a thread: None

heap address: 0x00000006c1800000, size: 4072 MB, Compressed Oops mode: Zero based, Oop shift amount: 3
Narrow klass base: 0x0000000000000000, Narrow klass shift: 3
Compressed class space size: 1073741824 Address: 0x00000007c0000000

Heap:
 PSYoungGen      total 76288K, used 19278K [0x000000076b300000, 0x0000000770800000, 0x00000007c0000000)
  eden space 65536K, 17% used [0x000000076b300000,0x000000076be2c228,0x000000076f300000)
  from space 10752K, 72% used [0x000000076f300000,0x000000076faa7620,0x000000076fd80000)
  to   space 10752K, 0% used [0x000000076fd80000,0x000000076fd80000,0x0000000770800000)
 ParOldGen       total 175104K, used 16K [0x00000006c1800000, 0x00000006cc300000, 0x000000076b300000)
  object space 175104K, 0% used [0x00000006c1800000,0x00000006c1804000,0x00000006cc300000)
 Metaspace       used 13753K, capacity 14820K, committed 15104K, reserved 1062912K
  class space    used 1737K, capacity 1956K, committed 2048K, reserved 1048576K

Card table byte_map: [0x0000000012af0000,0x00000000132f0000] byte_map_base: 0x000000000f4e4000

Marking Bits: (ParMarkBitMap*) 0x000000006d16be30
 Begin Bits: [0x0000000013c40000, 0x0000000017be0000)
 End Bits:   [0x0000000017be0000, 0x000000001bb80000)

Polling page: 0x0000000001590000

CodeCache: size=245760Kb used=4580Kb max_used=4580Kb free=241179Kb
 bounds [0x0000000003730000, 0x0000000003bb0000, 0x0000000012730000]
 total_blobs=1633 nmethods=1261 adapters=284
 compilation: enabled

Compilation events (10 events):
Event: 3.533 Thread 0x000000001e107000 nmethod 1257 0x0000000003ba9050 code [0x0000000003ba91e0, 0x0000000003ba96c8]
Event: 3.553 Thread 0x000000001e107000 1258       3       sun.reflect.ReflectionFactory::checkInitted (19 bytes)
Event: 3.553 Thread 0x000000001e107000 nmethod 1258 0x0000000003ba4710 code [0x0000000003ba4880, 0x0000000003ba4b48]
Event: 3.571 Thread 0x000000001e107000 1259       3       jdk.internal.org.objectweb.asm.ClassWriter::visitField (16 bytes)
Event: 3.572 Thread 0x000000001e107000 nmethod 1259 0x0000000003ba9850 code [0x0000000003ba99c0, 0x0000000003ba9be8]
Event: 3.572 Thread 0x000000001e107000 1260       3       jdk.internal.org.objectweb.asm.FieldVisitor::<init> (7 bytes)
Event: 3.572 Thread 0x000000001e107000 nmethod 1260 0x0000000003ba9cd0 code [0x0000000003ba9e60, 0x0000000003baa1c8]
Event: 3.572 Thread 0x000000001e107000 1261       3       jdk.internal.org.objectweb.asm.FieldWriter::visitEnd (1 bytes)
Event: 3.572 Thread 0x000000001e107000 nmethod 1261 0x0000000003baa350 code [0x0000000003baa4a0, 0x0000000003baa5f0]
Event: 3.573 Thread 0x000000001e107000 1262       3       jdk.internal.org.objectweb.asm.Item::isEqualTo (354 bytes)

GC Heap History (2 events):
Event: 3.274 GC heap before
{Heap before GC invocations=1 (full 0):
 PSYoungGen      total 76288K, used 65536K [0x000000076b300000, 0x0000000770800000, 0x00000007c0000000)
  eden space 65536K, 100% used [0x000000076b300000,0x000000076f300000,0x000000076f300000)
  from space 10752K, 0% used [0x000000076fd80000,0x000000076fd80000,0x0000000770800000)
  to   space 10752K, 0% used [0x000000076f300000,0x000000076f300000,0x000000076fd80000)
 ParOldGen       total 175104K, used 0K [0x00000006c1800000, 0x00000006cc300000, 0x000000076b300000)
  object space 175104K, 0% used [0x00000006c1800000,0x00000006c1800000,0x00000006cc300000)
 Metaspace       used 12422K, capacity 13420K, committed 13568K, reserved 1060864K
  class space    used 1575K, capacity 1776K, committed 1792K, reserved 1048576K
Event: 3.286 GC heap after
Heap after GC invocations=1 (full 0):
 PSYoungGen      total 76288K, used 7837K [0x000000076b300000, 0x0000000770800000, 0x00000007c0000000)
  eden space 65536K, 0% used [0x000000076b300000,0x000000076b300000,0x000000076f300000)
  from space 10752K, 72% used [0x000000076f300000,0x000000076faa7620,0x000000076fd80000)
  to   space 10752K, 0% used [0x000000076fd80000,0x000000076fd80000,0x0000000770800000)
 ParOldGen       total 175104K, used 16K [0x00000006c1800000, 0x00000006cc300000, 0x000000076b300000)
  object space 175104K, 0% used [0x00000006c1800000,0x00000006c1804000,0x00000006cc300000)
 Metaspace       used 12422K, capacity 13420K, committed 13568K, reserved 1060864K
  class space    used 1575K, capacity 1776K, committed 1792K, reserved 1048576K
}

Deoptimization events (10 events):
Event: 1.613 Thread 0x0000000003483800 Uncommon trap: reason=unstable_if action=reinterpret pc=0x00000000038e1aa4 method=java.lang.String.indexOf([CII[CIII)I @ 3
Event: 2.389 Thread 0x0000000003483800 Uncommon trap: reason=unstable_if action=reinterpret pc=0x00000000039d9cd4 method=sun.misc.URLClassPath$JarLoader.getResource(Ljava/lang/String;Z)Lsun/misc/Resource; @ 15
Event: 2.771 Thread 0x0000000003483800 Uncommon trap: reason=class_check action=maybe_recompile pc=0x00000000038e2304 method=java.lang.String.equals(Ljava/lang/Object;)Z @ 8
Event: 2.777 Thread 0x0000000003483800 Uncommon trap: reason=class_check action=maybe_recompile pc=0x00000000038e2304 method=java.lang.String.equals(Ljava/lang/Object;)Z @ 8
Event: 2.777 Thread 0x0000000003483800 Uncommon trap: reason=class_check action=maybe_recompile pc=0x00000000038e2304 method=java.lang.String.equals(Ljava/lang/Object;)Z @ 8
Event: 2.808 Thread 0x0000000003483800 Uncommon trap: reason=class_check action=maybe_recompile pc=0x00000000038e2304 method=java.lang.String.equals(Ljava/lang/Object;)Z @ 8
Event: 3.054 Thread 0x0000000003483800 Uncommon trap: reason=unstable_if action=reinterpret pc=0x00000000039b7034 method=java.io.WinNTFileSystem.normalize(Ljava/lang/String;)Ljava/lang/String; @ 128
Event: 3.054 Thread 0x0000000003483800 Uncommon trap: reason=unstable_if action=reinterpret pc=0x000000000399868c method=java.io.WinNTFileSystem.normalize(Ljava/lang/String;II)Ljava/lang/String; @ 8
Event: 3.239 Thread 0x0000000003483800 Uncommon trap: reason=range_check action=make_not_entrant pc=0x000000000394d128 method=sun.reflect.generics.parser.SignatureParser.current()C @ 34
Event: 3.571 Thread 0x0000000003483800 Uncommon trap: reason=unstable_if action=reinterpret pc=0x0000000003b160bc method=jdk.internal.org.objectweb.asm.Item.isEqualTo(Ljdk/internal/org/objectweb/asm/Item;)Z @ 331

Classes redefined (0 events):
No events

Internal exceptions (10 events):
Event: 2.446 Thread 0x0000000003483800 Exception <a 'java/lang/NoSuchMethodError': java.lang.Object.lambda$and$0(Ljava/util/function/Predicate;Ljava/lang/Object;)Z> (0x000000076d1483b8) thrown at [C:\ade\jenkins\workspace\8-2-build-windows-amd64-cygwin\jdk8u241\331\hotspot\src\share\vm\interpr
Event: 2.615 Thread 0x0000000003483800 Exception <a 'java/io/FileNotFoundException'> (0x000000076d62a828) thrown at [C:\ade\jenkins\workspace\8-2-build-windows-amd64-cygwin\jdk8u241\331\hotspot\src\share\vm\prims\jni.cpp, line 710]
Event: 2.691 Thread 0x0000000003483800 Exception <a 'java/lang/NoSuchMethodError': org.slf4j.impl.StaticMDCBinder.getSingleton()Lorg/slf4j/impl/StaticMDCBinder;> (0x000000076d902538) thrown at [C:\ade\jenkins\workspace\8-2-build-windows-amd64-cygwin\jdk8u241\331\hotspot\src\share\vm\interprete
Event: 2.767 Thread 0x0000000003483800 Exception <a 'java/lang/NoSuchMethodError': java.lang.Object.lambda$comparingInt$7b0bb60$1(Ljava/util/function/ToIntFunction;Ljava/lang/Object;Ljava/lang/Object;)I> (0x000000076dd2f888) thrown at [C:\ade\jenkins\workspace\8-2-build-windows-amd64-cygwin\jd
Event: 3.221 Thread 0x0000000003483800 Exception <a 'java/lang/NoSuchMethodError': java.lang.Object.lambda$static$0(Ljava/lang/Object;)Ljava/lang/Object;> (0x000000076ee49dc8) thrown at [C:\ade\jenkins\workspace\8-2-build-windows-amd64-cygwin\jdk8u241\331\hotspot\src\share\vm\interpreter\linkR
Event: 3.239 Thread 0x0000000003483800 Exception <a 'java/lang/ArrayIndexOutOfBoundsException': 18> (0x000000076ef86c00) thrown at [C:\ade\jenkins\workspace\8-2-build-windows-amd64-cygwin\jdk8u241\331\hotspot\src\share\vm\interpreter\interpreterRuntime.cpp, line 368]
Event: 3.239 Thread 0x0000000003483800 Exception <a 'java/lang/ArrayIndexOutOfBoundsException': 182> (0x000000076ef89350) thrown at [C:\ade\jenkins\workspace\8-2-build-windows-amd64-cygwin\jdk8u241\331\hotspot\src\share\vm\interpreter\interpreterRuntime.cpp, line 368]
Event: 3.240 Thread 0x0000000003483800 Exception <a 'java/lang/ArrayIndexOutOfBoundsException': 60> (0x000000076ef8b8d0) thrown at [C:\ade\jenkins\workspace\8-2-build-windows-amd64-cygwin\jdk8u241\331\hotspot\src\share\vm\interpreter\interpreterRuntime.cpp, line 368]
Event: 3.528 Thread 0x0000000003483800 Exception <a 'java/lang/NoClassDefFoundError': org/springframework/transaction/interceptor/TransactionAttributeSource> (0x000000076bcfd748) thrown at [C:\ade\jenkins\workspace\8-2-build-windows-amd64-cygwin\jdk8u241\331\hotspot\src\share\vm\classfile\syst
Event: 3.530 Thread 0x0000000003483800 Exception <a 'java/lang/NoClassDefFoundError': org/springframework/transaction/interceptor/TransactionAttribute> (0x000000076bd23ae8) thrown at [C:\ade\jenkins\workspace\8-2-build-windows-amd64-cygwin\jdk8u241\331\hotspot\src\share\vm\classfile\systemDict

Events (10 events):
Event: 3.571 Thread 0x0000000003483800 DEOPT PACKING pc=0x0000000003b160bc sp=0x000000000347d100
Event: 3.571 Thread 0x0000000003483800 DEOPT UNPACKING pc=0x000000000377583b sp=0x000000000347d098 mode 2
Event: 3.571 loading class org/junit/jupiter/engine/execution/JupiterEngineExecutionContext
Event: 3.571 loading class org/junit/jupiter/engine/execution/JupiterEngineExecutionContext done
Event: 3.571 loading class org/junit/jupiter/api/extension/TestInstances
Event: 3.571 loading class org/junit/jupiter/api/extension/TestInstances done
Event: 3.571 loading class org/junit/jupiter/engine/descriptor/ClassBasedTestDescriptor
Event: 3.571 loading class org/junit/jupiter/engine/descriptor/ClassBasedTestDescriptor done
Event: 3.572 loading class org/junit/jupiter/api/extension/TestInstances
Event: 3.572 loading class org/junit/jupiter/api/extension/TestInstances done


Dynamic libraries:
0x00007ff686a10000 - 0x00007ff686a47000 	E:\Program Files\Java\jdk1.8.0_241\bin\java.exe
0x00007ffca5a70000 - 0x00007ffca5c65000 	C:\WINDOWS\SYSTEM32\ntdll.dll
0x00007ffca4120000 - 0x00007ffca41dd000 	C:\WINDOWS\System32\KERNEL32.DLL
0x00007ffca3210000 - 0x00007ffca34d8000 	C:\WINDOWS\System32\KERNELBASE.dll
0x00007ffca3b50000 - 0x00007ffca3bfc000 	C:\WINDOWS\System32\ADVAPI32.dll
0x00007ffca4a40000 - 0x00007ffca4ade000 	C:\WINDOWS\System32\msvcrt.dll
0x00007ffca3e60000 - 0x00007ffca3efb000 	C:\WINDOWS\System32\sechost.dll
0x00007ffca5410000 - 0x00007ffca553b000 	C:\WINDOWS\System32\RPCRT4.dll
0x00007ffca4540000 - 0x00007ffca46e0000 	C:\WINDOWS\System32\USER32.dll
0x00007ffca38a0000 - 0x00007ffca38c2000 	C:\WINDOWS\System32\win32u.dll
0x00007ffca41e0000 - 0x00007ffca420a000 	C:\WINDOWS\System32\GDI32.dll
0x00007ffca3690000 - 0x00007ffca379b000 	C:\WINDOWS\System32\gdi32full.dll
0x00007ffca3a30000 - 0x00007ffca3acd000 	C:\WINDOWS\System32\msvcp_win.dll
0x00007ffca37a0000 - 0x00007ffca38a0000 	C:\WINDOWS\System32\ucrtbase.dll
0x00007ffc8db80000 - 0x00007ffc8de1a000 	C:\WINDOWS\WinSxS\amd64_microsoft.windows.common-controls_6595b64144ccf1df_6.0.19041.844_none_ca00b6081b84eb1d\COMCTL32.dll
0x00007ffca4210000 - 0x00007ffca4240000 	C:\WINDOWS\System32\IMM32.DLL
0x000000006d1f0000 - 0x000000006d2c2000 	E:\Program Files\Java\jdk1.8.0_241\jre\bin\msvcr100.dll
0x000000006c940000 - 0x000000006d1ec000 	E:\Program Files\Java\jdk1.8.0_241\jre\bin\server\jvm.dll
0x00007ffca5a20000 - 0x00007ffca5a28000 	C:\WINDOWS\System32\PSAPI.DLL
0x00007ffc88cb0000 - 0x00007ffc88cb9000 	C:\WINDOWS\SYSTEM32\WSOCK32.dll
0x00007ffca4020000 - 0x00007ffca408b000 	C:\WINDOWS\System32\WS2_32.dll
0x00007ffc8d9a0000 - 0x00007ffc8d9c7000 	C:\WINDOWS\SYSTEM32\WINMM.dll
0x00007ffc99960000 - 0x00007ffc9996a000 	C:\WINDOWS\SYSTEM32\VERSION.dll
0x00007ffc888c0000 - 0x00007ffc888cf000 	E:\Program Files\Java\jdk1.8.0_241\jre\bin\verify.dll
0x00007ffc88890000 - 0x00007ffc888b9000 	E:\Program Files\Java\jdk1.8.0_241\jre\bin\java.dll
0x00007ffc9ae70000 - 0x00007ffc9ae93000 	E:\Program Files\Java\jdk1.8.0_241\jre\bin\instrument.dll
0x00007ffc864a0000 - 0x00007ffc864b6000 	E:\Program Files\Java\jdk1.8.0_241\jre\bin\zip.dll
0x00007ffca4ae0000 - 0x00007ffca5222000 	C:\WINDOWS\System32\SHELL32.dll
0x00007ffca11f0000 - 0x00007ffca1980000 	C:\WINDOWS\SYSTEM32\windows.storage.dll
0x00007ffca46e0000 - 0x00007ffca4a35000 	C:\WINDOWS\System32\combase.dll
0x00007ffca2c20000 - 0x00007ffca2c4c000 	C:\WINDOWS\SYSTEM32\Wldp.dll
0x00007ffca3c00000 - 0x00007ffca3cae000 	C:\WINDOWS\System32\SHCORE.dll
0x00007ffca59c0000 - 0x00007ffca5a15000 	C:\WINDOWS\System32\shlwapi.dll
0x00007ffca30f0000 - 0x00007ffca310f000 	C:\WINDOWS\SYSTEM32\profapi.dll
0x00007ffc9ae50000 - 0x00007ffc9ae6a000 	D:\ideaIU-2020.2.2.win\bin\breakgen64.dll
0x00007ffc857e0000 - 0x00007ffc857fa000 	E:\Program Files\Java\jdk1.8.0_241\jre\bin\net.dll
0x00007ffca2990000 - 0x00007ffca29fa000 	C:\WINDOWS\system32\mswsock.dll
0x00007ffc850b0000 - 0x00007ffc850c2000 	E:\Program Files\Java\jdk1.8.0_241\jre\bin\nio.dll

VM Arguments:
jvm_args: -ea -Didea.test.cyclic.buffer.size=1048576 -javaagent:D:\ideaIU-2020.2.2.win\lib\idea_rt.jar=1073:D:\ideaIU-2020.2.2.win\bin -Dfile.encoding=UTF-8 
java_command: com.intellij.rt.junit.JUnitStarter -ideVersion5 -junit5 com.liang.iotmall.iotmall.thirdparty.IotmallThirdPartyApplicationTests,sendSms
java_class_path (initial): D:\ideaIU-2020.2.2.win\lib\idea_rt.jar;C:\Users\Administrator\.m2\repository\org\junit\platform\junit-platform-launcher\1.5.2\junit-platform-launcher-1.5.2.jar;C:\Users\Administrator\.m2\repository\org\apiguardian\apiguardian-api\1.1.0\apiguardian-api-1.1.0.jar;C:\Users\Administrator\.m2\repository\org\junit\platform\junit-platform-engine\1.5.2\junit-platform-engine-1.5.2.jar;C:\Users\Administrator\.m2\repository\org\opentest4j\opentest4j\1.2.0\opentest4j-1.2.0.jar;C:\Users\Administrator\.m2\repository\org\junit\platform\junit-platform-commons\1.5.2\junit-platform-commons-1.5.2.jar;D:\ideaIU-2020.2.2.win\plugins\junit\lib\junit5-rt.jar;D:\ideaIU-2020.2.2.win\plugins\junit\lib\junit-rt.jar;E:\Program Files\Java\jdk1.8.0_241\jre\lib\charsets.jar;E:\Program Files\Java\jdk1.8.0_241\jre\lib\deploy.jar;E:\Program Files\Java\jdk1.8.0_241\jre\lib\ext\access-bridge-64.jar;E:\Program Files\Java\jdk1.8.0_241\jre\lib\ext\cldrdata.jar;E:\Program Files\Java\jdk1.8.0_241\jre\lib\ext\dnsns.jar;E:\Program Files\Java\jdk1.8.0_241\jre\lib\ext\jaccess.jar;E:\Program Files\Java\jdk1.8.0_241\jre\lib\ext\jfxrt.jar;E:\Program Files\Java\jdk1.8.0_241\jre\lib\ext\localedata.jar;E:\Program Files\Java\jdk1.8.0_241\jre\lib\ext\nashorn.jar;E:\Program Files\Java\jdk1.8.0_241\jre\lib\ext\sunec.jar;E:\Program Files\Java\jdk1.8.0_241\jre\lib\ext\sunjce_provider.jar;E:\Program Files\Java\jdk1.8.0_241\jre\lib\ext\sunmscapi.jar;E:\Program Files\Java\jdk1.8.0_241\jre\lib\ext\sunpkcs11.jar;E:\Program Files\Java\jdk1.8.0_241\jre\lib\ext\zipfs.jar;E:\Program Files\Java\jdk1.8.0_241\jre\lib\javaws.jar;E:\Program Files\Java\jdk1.8.0_241\jre\lib\jce.jar;E:\Program Files\Java\jdk1.8.0_241\jre\lib\jfr.jar;E:\Program Files\Java\jdk1.8.0_241\jre\lib\jfxswt.jar;E:\Program Files\Java\jdk1.8.0_241\jre\lib\jsse.jar;E:\Program Files\Java\jdk1.8.0_241\jre\lib\management-agent.jar;E:\Program Files\Java\jdk1.8.0_241\jre\lib\plugin.jar;E:\Program Files\Java\jdk1.8.0_241\jre\lib\resources.jar;E
Launcher Type: SUN_STANDARD

Environment Variables:
JAVA_HOME=E:\Program Files\Java\jdk1.8.0_241
CLASSPATH=.;E:\Program Files\Java\jdk1.8.0_241\lib;E:\Program Files\Java\jdk1.8.0_241\lib\tools.jar
PATH=C:\Program Files (x86)\NetSarang\Xftp 6\;C:\MinGW\bin\;E:\Program Files\Java\jdk1.8.0_241\bin;C:\Program Files (x86)\Common Files\Oracle\Java\javapath;C:\Windows\system32;C:\Windows;C:\Windows\System32\Wbem;C:\Windows\System32\WindowsPowerShell\v1.0\;C:\Windows\System32\OpenSSH\;C:\Program Files (x86)\NVIDIA Corporation\PhysX\Common;D:\sdk\platform-tools;D:\sdk\tools;C:\Program Files (x86)\essysadmintools;C:\WINDOWS\system32;C:\WINDOWS;C:\WINDOWS\System32\Wbem;C:\WINDOWS\System32\WindowsPowerShell\v1.0\;C:\WINDOWS\System32\OpenSSH\;E:\Git\cmd;E:\Maven\apache-maven-3.6.3-bin\apache-maven-3.6.3\bin\bin;E:\Maven\apache-maven-3.6.3-bin\apache-maven-3.6.3\bin;C:\Program Files\VisualSVN Server\bin;C:\Program Files\TortoiseSVN\bin;C:\Program Files\dotnet\;C:\Program Files (x86)\NetSarang\Xshell 7\;E:\Program Files\nodejs\;E:\Python\Scripts\;E:\Python\;C:\Users\Administrator\AppData\Local\Microsoft\WindowsApps;E:\Bandizip\;C:\Users\Administrator\AppData\Roaming\npm;
USERNAME=Balazar
OS=Windows_NT
PROCESSOR_IDENTIFIER=Intel64 Family 6 Model 142 Stepping 9, GenuineIntel



---------------  S Y S T E M  ---------------

OS: Windows 10.0 , 64 bit Build 19041 (10.0.19041.928)

CPU:total 4 (initial active 4) (2 cores per cpu, 2 threads per core) family 6 model 142 stepping 9, cmov, cx8, fxsr, mmx, sse, sse2, sse3, ssse3, sse4.1, sse4.2, popcnt, avx, avx2, aes, clmul, erms, 3dnowpref, lzcnt, ht, tsc, tscinvbit, bmi1, bmi2, adx

Memory: 4k page, physical 16673240k(1872584k free), swap 26647928k(4112k free)

vm_info: Java HotSpot(TM) 64-Bit Server VM (25.241-b07) for windows-amd64 JRE (1.8.0_241-b07), built on Dec 11 2019 10:21:40 by "rejava" with MS VC++ 10.0 (VS2010)

time: Fri May 28 11:37:05 2021
timezone: 中国标准时间
elapsed time: 3 seconds (0d 0h 0m 3s)

