#
# There is insufficient memory for the Java Runtime Environment to continue.
# Native memory allocation (malloc) failed to allocate 32744 bytes for ChunkPool::allocate
# Possible reasons:
#   The system is out of physical RAM or swap space
#   The process is running with CompressedOops enabled, and the Java Heap may be blocking the growth of the native heap
# Possible solutions:
#   Reduce memory load on the system
#   Increase physical memory or swap space
#   Check if swap backing store is full
#   Decrease Java heap size (-Xmx/-Xms)
#   Decrease number of Java threads
#   Decrease Java thread stack sizes (-Xss)
#   Set larger code cache with -XX:ReservedCodeCacheSize=
#   JVM is running with Zero Based Compressed Oops mode in which the Java heap is
#     placed in the first 32GB address space. The Java Heap base address is the
#     maximum limit for the native heap growth. Please use -XX:HeapBaseMinAddress
#     to set the Java Heap base and to place the Java Heap above 32GB virtual address.
# This output file may be truncated or incomplete.
#
#  Out of Memory Error (allocation.cpp:272), pid=24956, tid=0x0000000000009274
#
# JRE version: Java(TM) SE Runtime Environment (8.0_241-b07) (build 1.8.0_241-b07)
# Java VM: Java HotSpot(TM) 64-Bit Server VM (25.241-b07 mixed mode windows-amd64 compressed oops)
# Failed to write core dump. Minidumps are not enabled by default on client versions of Windows
#

---------------  T H R E A D  ---------------

Current thread (0x000000001dc18000):  JavaThread "C1 CompilerThread2" daemon [_thread_in_native, id=37492, stack(0x000000001e490000,0x000000001e590000)]

Stack: [0x000000001e490000,0x000000001e590000]
[error occurred during error reporting (printing stack bounds), id 0xc0000005]

Native frames: (J=compiled Java code, j=interpreted, Vv=VM code, C=native code)


Current CompileTask:
C1:   3575 1450       3       sun.nio.cs.UTF_8$Decoder::decodeArrayLoop (691 bytes)


---------------  P R O C E S S  ---------------

Java Threads: ( => current thread )
  0x000000001f261000 JavaThread "background-preinit" [_thread_blocked, id=35808, stack(0x0000000021710000,0x0000000021810000)]
  0x000000001dc31800 JavaThread "Service Thread" daemon [_thread_blocked, id=37056, stack(0x000000001e590000,0x000000001e690000)]
=>0x000000001dc18000 JavaThread "C1 CompilerThread2" daemon [_thread_in_native, id=37492, stack(0x000000001e490000,0x000000001e590000)]
  0x000000001c88e000 JavaThread "C2 CompilerThread1" daemon [_thread_in_native, id=33920, stack(0x000000001e390000,0x000000001e490000)]
  0x000000001c876800 JavaThread "C2 CompilerThread0" daemon [_thread_in_native, id=36512, stack(0x000000001e290000,0x000000001e390000)]
  0x000000001c86b800 JavaThread "Monitor Ctrl-Break" daemon [_thread_in_native, id=29472, stack(0x000000001e190000,0x000000001e290000)]
  0x000000001c85a000 JavaThread "Attach Listener" daemon [_thread_blocked, id=34544, stack(0x000000001e090000,0x000000001e190000)]
  0x000000001c847000 JavaThread "Signal Dispatcher" daemon [_thread_blocked, id=37480, stack(0x000000001df90000,0x000000001e090000)]
  0x000000000303d000 JavaThread "Finalizer" daemon [_thread_blocked, id=35832, stack(0x000000001da90000,0x000000001db90000)]
  0x000000001c81a000 JavaThread "Reference Handler" daemon [_thread_blocked, id=27812, stack(0x000000001d990000,0x000000001da90000)]
  0x0000000002f4b800 JavaThread "main" [_thread_in_native, id=28180, stack(0x0000000002e30000,0x0000000002f30000)]

Other Threads:
  0x000000001c7f8000 VMThread [stack: 0x000000001d890000,0x000000001d990000] [id=33864]
  0x000000001dcca800 WatcherThread [stack: 0x000000001e690000,0x000000001e790000] [id=37144]

VM state:at safepoint (normal execution)

VM Mutex/Monitor currently owned by a thread:  ([mutex/lock_event])
[0x0000000002f419d0] Threads_lock - owner thread: 0x000000001c7f8000
[0x0000000002f410d0] Heap_lock - owner thread: 0x000000001f261000

heap address: 0x00000006c1800000, size: 4072 MB, Compressed Oops mode: Zero based, Oop shift amount: 3
Narrow klass base: 0x0000000000000000, Narrow klass shift: 3
Compressed class space size: 1073741824 Address: 0x00000007c0000000

Heap:
 PSYoungGen      total 76288K, used 50444K [0x000000076b300000, 0x0000000770800000, 0x00000007c0000000)
  eden space 65536K, 66% used [0x000000076b300000,0x000000076dd97fa8,0x000000076f300000)
  from space 10752K, 63% used [0x000000076f300000,0x000000076f9ab128,0x000000076fd80000)
  to   space 10752K, 30% used [0x000000076fd80000,0x00000007700bdef8,0x0000000770800000)
 ParOldGen       total 175104K, used 24K [0x00000006c1800000, 0x00000006cc300000, 0x000000076b300000)
  object space 175104K, 0% used [0x00000006c1800000,0x00000006c1806000,0x00000006cc300000)
 Metaspace       used 15647K, capacity 16780K, committed 16896K, reserved 1069056K
  class space    used 1983K, capacity 2222K, committed 2304K, reserved 1048576K

Card table byte_map: [0x0000000012600000,0x0000000012e00000] byte_map_base: 0x000000000eff4000

Marking Bits: (ParMarkBitMap*) 0x0000000056d8be30
 Begin Bits: [0x0000000013750000, 0x00000000176f0000)
 End Bits:   [0x00000000176f0000, 0x000000001b690000)

Polling page: 0x0000000000e30000

CodeCache: size=245760Kb used=5054Kb max_used=5054Kb free=240705Kb
 bounds [0x0000000003240000, 0x0000000003740000, 0x0000000012240000]
 total_blobs=1826 nmethods=1447 adapters=291
 compilation: enabled

Compilation events (10 events):
Event: 3.537 Thread 0x000000001dc18000 nmethod 1445 0x000000000372c4d0 code [0x000000000372c640, 0x000000000372c948]
Event: 3.538 Thread 0x000000001dc18000 1447       3       java.io.ByteArrayOutputStream::<init> (43 bytes)
Event: 3.538 Thread 0x000000001dc18000 nmethod 1447 0x000000000372ca10 code [0x000000000372cc00, 0x000000000372d598]
Event: 3.538 Thread 0x000000001dc18000 1446       3       sun.misc.ProxyGenerator::addProxyMethod (234 bytes)
Event: 3.539 Thread 0x000000001dc18000 nmethod 1446 0x000000000372d9d0 code [0x000000000372dd20, 0x000000000372f9e8]
Event: 3.539 Thread 0x000000001dc18000 1448       3       sun.misc.ProxyGenerator::access$1000 (7 bytes)
Event: 3.540 Thread 0x000000001dc18000 nmethod 1448 0x0000000003730810 code [0x0000000003730980, 0x0000000003730ae8]
Event: 3.541 Thread 0x000000001dc18000 1449       3       org.springframework.boot.context.properties.source.ConfigurationPropertyName$Elements::getLength (46 bytes)
Event: 3.541 Thread 0x000000001dc18000 nmethod 1449 0x0000000003730bd0 code [0x0000000003730d60, 0x0000000003731088]
Event: 3.558 Thread 0x000000001dc18000 1450       3       sun.nio.cs.UTF_8$Decoder::decodeArrayLoop (691 bytes)

GC Heap History (2 events):
Event: 2.635 GC heap before
{Heap before GC invocations=1 (full 0):
 PSYoungGen      total 76288K, used 65536K [0x000000076b300000, 0x0000000770800000, 0x00000007c0000000)
  eden space 65536K, 100% used [0x000000076b300000,0x000000076f300000,0x000000076f300000)
  from space 10752K, 0% used [0x000000076fd80000,0x000000076fd80000,0x0000000770800000)
  to   space 10752K, 0% used [0x000000076f300000,0x000000076f300000,0x000000076fd80000)
 ParOldGen       total 175104K, used 0K [0x00000006c1800000, 0x00000006cc300000, 0x000000076b300000)
  object space 175104K, 0% used [0x00000006c1800000,0x00000006c1800000,0x00000006cc300000)
 Metaspace       used 11351K, capacity 12300K, committed 12416K, reserved 1060864K
  class space    used 1437K, capacity 1638K, committed 1664K, reserved 1048576K
Event: 2.647 GC heap after
Heap after GC invocations=1 (full 0):
 PSYoungGen      total 76288K, used 6828K [0x000000076b300000, 0x0000000770800000, 0x00000007c0000000)
  eden space 65536K, 0% used [0x000000076b300000,0x000000076b300000,0x000000076f300000)
  from space 10752K, 63% used [0x000000076f300000,0x000000076f9ab128,0x000000076fd80000)
  to   space 10752K, 0% used [0x000000076fd80000,0x000000076fd80000,0x0000000770800000)
 ParOldGen       total 175104K, used 16K [0x00000006c1800000, 0x00000006cc300000, 0x000000076b300000)
  object space 175104K, 0% used [0x00000006c1800000,0x00000006c1804000,0x00000006cc300000)
 Metaspace       used 11351K, capacity 12300K, committed 12416K, reserved 1060864K
  class space    used 1437K, capacity 1638K, committed 1664K, reserved 1048576K
}

Deoptimization events (9 events):
Event: 1.739 Thread 0x0000000002f4b800 Uncommon trap: reason=unstable_if action=reinterpret pc=0x00000000034b954c method=sun.misc.URLClassPath$JarLoader.getResource(Ljava/lang/String;Z)Lsun/misc/Resource; @ 15
Event: 2.010 Thread 0x0000000002f4b800 Uncommon trap: reason=unstable_if action=reinterpret pc=0x00000000035f39e4 method=java.lang.String.lastIndexOf([CII[CIII)I @ 17
Event: 2.305 Thread 0x0000000002f4b800 Uncommon trap: reason=class_check action=maybe_recompile pc=0x00000000033eae34 method=java.lang.String.equals(Ljava/lang/Object;)Z @ 8
Event: 2.305 Thread 0x0000000002f4b800 Uncommon trap: reason=class_check action=maybe_recompile pc=0x00000000033eae34 method=java.lang.String.equals(Ljava/lang/Object;)Z @ 8
Event: 2.314 Thread 0x0000000002f4b800 Uncommon trap: reason=class_check action=maybe_recompile pc=0x00000000033eae34 method=java.lang.String.equals(Ljava/lang/Object;)Z @ 8
Event: 2.314 Thread 0x0000000002f4b800 Uncommon trap: reason=class_check action=maybe_recompile pc=0x00000000033eae34 method=java.lang.String.equals(Ljava/lang/Object;)Z @ 8
Event: 2.615 Thread 0x0000000002f4b800 Uncommon trap: reason=unstable_if action=reinterpret pc=0x00000000034f2790 method=java.io.WinNTFileSystem.normalize(Ljava/lang/String;)Ljava/lang/String; @ 128
Event: 2.856 Thread 0x0000000002f4b800 Uncommon trap: reason=range_check action=make_not_entrant pc=0x00000000034968e8 method=sun.reflect.generics.parser.SignatureParser.current()C @ 34
Event: 3.289 Thread 0x0000000002f4b800 Uncommon trap: reason=unstable_if action=reinterpret pc=0x000000000362c6a4 method=java.util.HashMap.putVal(ILjava/lang/Object;Ljava/lang/Object;ZZ)Ljava/lang/Object; @ 236

Classes redefined (0 events):
No events

Internal exceptions (10 events):
Event: 1.798 Thread 0x0000000002f4b800 Exception <a 'java/lang/NoSuchMethodError': java.lang.Object.lambda$and$0(Ljava/util/function/Predicate;Ljava/lang/Object;)Z> (0x000000076d4b5530) thrown at [C:\ade\jenkins\workspace\8-2-build-windows-amd64-cygwin\jdk8u241\331\hotspot\src\share\vm\interpr
Event: 2.007 Thread 0x0000000002f4b800 Exception <a 'java/io/FileNotFoundException'> (0x000000076da4a228) thrown at [C:\ade\jenkins\workspace\8-2-build-windows-amd64-cygwin\jdk8u241\331\hotspot\src\share\vm\prims\jni.cpp, line 710]
Event: 2.105 Thread 0x0000000002f4b800 Exception <a 'java/lang/NoSuchMethodError': org.slf4j.impl.StaticMDCBinder.getSingleton()Lorg/slf4j/impl/StaticMDCBinder;> (0x000000076ddb2ec8) thrown at [C:\ade\jenkins\workspace\8-2-build-windows-amd64-cygwin\jdk8u241\331\hotspot\src\share\vm\interprete
Event: 2.301 Thread 0x0000000002f4b800 Exception <a 'java/lang/NoSuchMethodError': java.lang.Object.lambda$comparingInt$7b0bb60$1(Ljava/util/function/ToIntFunction;Ljava/lang/Object;Ljava/lang/Object;)I> (0x000000076e369a58) thrown at [C:\ade\jenkins\workspace\8-2-build-windows-amd64-cygwin\jd
Event: 2.837 Thread 0x0000000002f4b800 Exception <a 'java/lang/NoSuchMethodError': java.lang.Object.lambda$static$0(Ljava/lang/Object;)Ljava/lang/Object;> (0x000000076ba8b780) thrown at [C:\ade\jenkins\workspace\8-2-build-windows-amd64-cygwin\jdk8u241\331\hotspot\src\share\vm\interpreter\linkR
Event: 2.856 Thread 0x0000000002f4b800 Exception <a 'java/lang/ArrayIndexOutOfBoundsException': 18> (0x000000076bc43500) thrown at [C:\ade\jenkins\workspace\8-2-build-windows-amd64-cygwin\jdk8u241\331\hotspot\src\share\vm\interpreter\interpreterRuntime.cpp, line 368]
Event: 2.857 Thread 0x0000000002f4b800 Exception <a 'java/lang/ArrayIndexOutOfBoundsException': 182> (0x000000076bc45a58) thrown at [C:\ade\jenkins\workspace\8-2-build-windows-amd64-cygwin\jdk8u241\331\hotspot\src\share\vm\interpreter\interpreterRuntime.cpp, line 368]
Event: 2.857 Thread 0x0000000002f4b800 Exception <a 'java/lang/ArrayIndexOutOfBoundsException': 60> (0x000000076bc47ed0) thrown at [C:\ade\jenkins\workspace\8-2-build-windows-amd64-cygwin\jdk8u241\331\hotspot\src\share\vm\interpreter\interpreterRuntime.cpp, line 368]
Event: 3.144 Thread 0x0000000002f4b800 Exception <a 'java/lang/IncompatibleClassChangeError': Found class java.lang.Object, but interface was expected> (0x000000076ce7af40) thrown at [C:\ade\jenkins\workspace\8-2-build-windows-amd64-cygwin\jdk8u241\331\hotspot\src\share\vm\interpreter\linkReso
Event: 3.328 Thread 0x0000000002f4b800 Exception <a 'java/lang/NoSuchMethodError': java.lang.Object.lambda$chars$0()Ljava/util/Spliterator$OfInt;> (0x000000076d5f5810) thrown at [C:\ade\jenkins\workspace\8-2-build-windows-amd64-cygwin\jdk8u241\331\hotspot\src\share\vm\interpreter\linkResolver.

Events (10 events):
Event: 3.554 loading class java/util/SortedSet
Event: 3.554 loading class java/util/SortedSet done
Event: 3.554 loading class java/util/NavigableSet done
Event: 3.554 loading class java/util/TreeSet done
Event: 3.555 loading class org/apache/logging/log4j/util/PropertySource$Comparator
Event: 3.555 loading class org/apache/logging/log4j/util/PropertySource$Comparator done
Event: 3.557 loading class org/apache/logging/log4j/util/PropertiesUtil$Environment$1
Event: 3.557 loading class org/apache/logging/log4j/util/PropertiesUtil$Environment$1 done
Event: 3.558 loading class org/apache/logging/log4j/util/EnvironmentPropertySource
Event: 3.558 loading class org/apache/logging/log4j/util/EnvironmentPropertySource done


Dynamic libraries:
0x00007ff740790000 - 0x00007ff7407c7000 	E:\Program Files\Java\jdk1.8.0_241\bin\java.exe
0x00007ffa64170000 - 0x00007ffa64365000 	C:\WINDOWS\SYSTEM32\ntdll.dll
0x00007ffa62e40000 - 0x00007ffa62efd000 	C:\WINDOWS\System32\KERNEL32.DLL
0x00007ffa61a10000 - 0x00007ffa61cd8000 	C:\WINDOWS\System32\KERNELBASE.dll
0x00007ffa63760000 - 0x00007ffa6380c000 	C:\WINDOWS\System32\ADVAPI32.dll
0x00007ffa62aa0000 - 0x00007ffa62b3e000 	C:\WINDOWS\System32\msvcrt.dll
0x00007ffa62d30000 - 0x00007ffa62dcb000 	C:\WINDOWS\System32\sechost.dll
0x00007ffa62410000 - 0x00007ffa6253b000 	C:\WINDOWS\System32\RPCRT4.dll
0x00007ffa62270000 - 0x00007ffa62410000 	C:\WINDOWS\System32\USER32.dll
0x00007ffa61e20000 - 0x00007ffa61e42000 	C:\WINDOWS\System32\win32u.dll
0x00007ffa62240000 - 0x00007ffa6226a000 	C:\WINDOWS\System32\GDI32.dll
0x00007ffa61d10000 - 0x00007ffa61e1b000 	C:\WINDOWS\System32\gdi32full.dll
0x00007ffa61f00000 - 0x00007ffa61f9d000 	C:\WINDOWS\System32\msvcp_win.dll
0x00007ffa62000000 - 0x00007ffa62100000 	C:\WINDOWS\System32\ucrtbase.dll
0x00007ffa524d0000 - 0x00007ffa5276a000 	C:\WINDOWS\WinSxS\amd64_microsoft.windows.common-controls_6595b64144ccf1df_6.0.19041.844_none_ca00b6081b84eb1d\COMCTL32.dll
0x00007ffa62710000 - 0x00007ffa62740000 	C:\WINDOWS\System32\IMM32.DLL
0x0000000056e10000 - 0x0000000056ee2000 	E:\Program Files\Java\jdk1.8.0_241\jre\bin\msvcr100.dll
0x0000000056560000 - 0x0000000056e0c000 	E:\Program Files\Java\jdk1.8.0_241\jre\bin\server\jvm.dll
0x00007ffa625c0000 - 0x00007ffa625c8000 	C:\WINDOWS\System32\PSAPI.DLL
0x00007ffa49830000 - 0x00007ffa49839000 	C:\WINDOWS\SYSTEM32\WSOCK32.dll
0x00007ffa62cc0000 - 0x00007ffa62d2b000 	C:\WINDOWS\System32\WS2_32.dll
0x00007ffa52970000 - 0x00007ffa52997000 	C:\WINDOWS\SYSTEM32\WINMM.dll
0x00007ffa61460000 - 0x00007ffa6146a000 	C:\WINDOWS\SYSTEM32\VERSION.dll
0x00007ffa48650000 - 0x00007ffa4865f000 	E:\Program Files\Java\jdk1.8.0_241\jre\bin\verify.dll
0x00007ffa48360000 - 0x00007ffa48389000 	E:\Program Files\Java\jdk1.8.0_241\jre\bin\java.dll
0x00007ffa381f0000 - 0x00007ffa38213000 	E:\Program Files\Java\jdk1.8.0_241\jre\bin\instrument.dll
0x00007ffa47f90000 - 0x00007ffa47fa6000 	E:\Program Files\Java\jdk1.8.0_241\jre\bin\zip.dll
0x00007ffa62ff0000 - 0x00007ffa63732000 	C:\WINDOWS\System32\SHELL32.dll
0x00007ffa5f5c0000 - 0x00007ffa5fd51000 	C:\WINDOWS\SYSTEM32\windows.storage.dll
0x00007ffa62740000 - 0x00007ffa62a95000 	C:\WINDOWS\System32\combase.dll
0x00007ffa612b0000 - 0x00007ffa612dc000 	C:\WINDOWS\SYSTEM32\Wldp.dll
0x00007ffa63f50000 - 0x00007ffa63ffe000 	C:\WINDOWS\System32\SHCORE.dll
0x00007ffa621e0000 - 0x00007ffa62235000 	C:\WINDOWS\System32\shlwapi.dll
0x00007ffa617f0000 - 0x00007ffa6180f000 	C:\WINDOWS\SYSTEM32\profapi.dll
0x00007ffa42820000 - 0x00007ffa4283a000 	D:\ideaIU-2020.2.2.win\bin\breakgen64.dll
0x00007ffa471b0000 - 0x00007ffa471ca000 	E:\Program Files\Java\jdk1.8.0_241\jre\bin\net.dll
0x00007ffa61020000 - 0x00007ffa6108a000 	C:\WINDOWS\system32\mswsock.dll
0x00007ffa46d60000 - 0x00007ffa46d72000 	E:\Program Files\Java\jdk1.8.0_241\jre\bin\nio.dll
0x00007ffa60cc0000 - 0x00007ffa60cfb000 	C:\WINDOWS\SYSTEM32\IPHLPAPI.DLL
0x00007ffa62e30000 - 0x00007ffa62e38000 	C:\WINDOWS\System32\NSI.dll
0x00007ffa58cc0000 - 0x00007ffa58cd7000 	C:\WINDOWS\SYSTEM32\dhcpcsvc6.DLL
0x00007ffa59140000 - 0x00007ffa5915d000 	C:\WINDOWS\SYSTEM32\dhcpcsvc.DLL

VM Arguments:
jvm_args: -ea -Didea.test.cyclic.buffer.size=1048576 -javaagent:D:\ideaIU-2020.2.2.win\lib\idea_rt.jar=1068:D:\ideaIU-2020.2.2.win\bin -Dfile.encoding=UTF-8 
java_command: com.intellij.rt.junit.JUnitStarter -ideVersion5 -junit5 com.liang.iotmall.product.IotmallProductApplicationTests,testFindPath
java_class_path (initial): D:\ideaIU-2020.2.2.win\lib\idea_rt.jar;C:\Users\Administrator\.m2\repository\org\junit\platform\junit-platform-launcher\1.5.2\junit-platform-launcher-1.5.2.jar;C:\Users\Administrator\.m2\repository\org\apiguardian\apiguardian-api\1.1.0\apiguardian-api-1.1.0.jar;C:\Users\Administrator\.m2\repository\org\junit\platform\junit-platform-engine\1.5.2\junit-platform-engine-1.5.2.jar;C:\Users\Administrator\.m2\repository\org\opentest4j\opentest4j\1.2.0\opentest4j-1.2.0.jar;C:\Users\Administrator\.m2\repository\org\junit\platform\junit-platform-commons\1.5.2\junit-platform-commons-1.5.2.jar;C:\Users\Administrator\.m2\repository\org\junit\vintage\junit-vintage-engine\5.5.2\junit-vintage-engine-5.5.2.jar;C:\Users\Administrator\.m2\repository\junit\junit\4.12\junit-4.12.jar;C:\Users\Administrator\.m2\repository\org\hamcrest\hamcrest-core\1.3\hamcrest-core-1.3.jar;D:\ideaIU-2020.2.2.win\plugins\junit\lib\junit5-rt.jar;D:\ideaIU-2020.2.2.win\plugins\junit\lib\junit-rt.jar;E:\Program Files\Java\jdk1.8.0_241\jre\lib\charsets.jar;E:\Program Files\Java\jdk1.8.0_241\jre\lib\deploy.jar;E:\Program Files\Java\jdk1.8.0_241\jre\lib\ext\access-bridge-64.jar;E:\Program Files\Java\jdk1.8.0_241\jre\lib\ext\cldrdata.jar;E:\Program Files\Java\jdk1.8.0_241\jre\lib\ext\dnsns.jar;E:\Program Files\Java\jdk1.8.0_241\jre\lib\ext\jaccess.jar;E:\Program Files\Java\jdk1.8.0_241\jre\lib\ext\jfxrt.jar;E:\Program Files\Java\jdk1.8.0_241\jre\lib\ext\localedata.jar;E:\Program Files\Java\jdk1.8.0_241\jre\lib\ext\nashorn.jar;E:\Program Files\Java\jdk1.8.0_241\jre\lib\ext\sunec.jar;E:\Program Files\Java\jdk1.8.0_241\jre\lib\ext\sunjce_provider.jar;E:\Program Files\Java\jdk1.8.0_241\jre\lib\ext\sunmscapi.jar;E:\Program Files\Java\jdk1.8.0_241\jre\lib\ext\sunpkcs11.jar;E:\Program Files\Java\jdk1.8.0_241\jre\lib\ext\zipfs.jar;E:\Program Files\Java\jdk1.8.0_241\jre\lib\javaws.jar;E:\Program Files\Java\jdk1.8.0_241\jre\lib\jce.jar;E:\Program Files\Java\jdk1.8.0_241\jre\lib\jfr.jar;E:\Prog
Launcher Type: SUN_STANDARD

Environment Variables:
JAVA_HOME=E:\Program Files\Java\jdk1.8.0_241
CLASSPATH=.;E:\Program Files\Java\jdk1.8.0_241\lib;E:\Program Files\Java\jdk1.8.0_241\lib\tools.jar
PATH=C:\Program Files (x86)\NetSarang\Xftp 6\;C:\MinGW\bin\;E:\Program Files\Java\jdk1.8.0_241\bin;C:\Program Files (x86)\Common Files\Oracle\Java\javapath;C:\Windows\system32;C:\Windows;C:\Windows\System32\Wbem;C:\Windows\System32\WindowsPowerShell\v1.0\;C:\Windows\System32\OpenSSH\;C:\Program Files (x86)\NVIDIA Corporation\PhysX\Common;D:\sdk\platform-tools;D:\sdk\tools;C:\Program Files (x86)\essysadmintools;C:\WINDOWS\system32;C:\WINDOWS;C:\WINDOWS\System32\Wbem;C:\WINDOWS\System32\WindowsPowerShell\v1.0\;C:\WINDOWS\System32\OpenSSH\;E:\Git\cmd;E:\Maven\apache-maven-3.6.3-bin\apache-maven-3.6.3\bin\bin;E:\Maven\apache-maven-3.6.3-bin\apache-maven-3.6.3\bin;C:\Program Files\VisualSVN Server\bin;C:\Program Files\TortoiseSVN\bin;C:\Program Files\dotnet\;C:\Program Files (x86)\NetSarang\Xshell 7\;E:\Program Files\nodejs\;E:\Python\Scripts\;E:\Python\;C:\Users\Administrator\AppData\Local\Microsoft\WindowsApps;E:\Bandizip\;C:\Users\Administrator\AppData\Roaming\npm;
USERNAME=Balazar
OS=Windows_NT
PROCESSOR_IDENTIFIER=Intel64 Family 6 Model 142 Stepping 9, GenuineIntel



---------------  S Y S T E M  ---------------

OS: Windows 10.0 , 64 bit Build 19041 (10.0.19041.804)

CPU:total 4 (initial active 4) (2 cores per cpu, 2 threads per core) family 6 model 142 stepping 9, cmov, cx8, fxsr, mmx, sse, sse2, sse3, ssse3, sse4.1, sse4.2, popcnt, avx, avx2, aes, clmul, erms, 3dnowpref, lzcnt, ht, tsc, tscinvbit, bmi1, bmi2, adx

Memory: 4k page, physical 16673240k(1967152k free), swap 27470200k(5124k free)

vm_info: Java HotSpot(TM) 64-Bit Server VM (25.241-b07) for windows-amd64 JRE (1.8.0_241-b07), built on Dec 11 2019 10:21:40 by "rejava" with MS VC++ 10.0 (VS2010)

time: Wed Apr 14 20:46:39 2021
timezone: 中国标准时间
elapsed time: 3 seconds (0d 0h 0m 3s)

