#
# There is insufficient memory for the Java Runtime Environment to continue.
# Native memory allocation (malloc) failed to allocate 730416 bytes for Chunk::new
# Possible reasons:
#   The system is out of physical RAM or swap space
#   The process is running with CompressedOops enabled, and the Java Heap may be blocking the growth of the native heap
# Possible solutions:
#   Reduce memory load on the system
#   Increase physical memory or swap space
#   Check if swap backing store is full
#   Decrease Java heap size (-Xmx/-Xms)
#   Decrease number of Java threads
#   Decrease Java thread stack sizes (-Xss)
#   Set larger code cache with -XX:ReservedCodeCacheSize=
#   JVM is running with Zero Based Compressed Oops mode in which the Java heap is
#     placed in the first 32GB address space. The Java Heap base address is the
#     maximum limit for the native heap growth. Please use -XX:HeapBaseMinAddress
#     to set the Java Heap base and to place the Java Heap above 32GB virtual address.
# This output file may be truncated or incomplete.
#
#  Out of Memory Error (allocation.cpp:389), pid=34640, tid=0x0000000000008188
#
# JRE version: Java(TM) SE Runtime Environment (8.0_241-b07) (build 1.8.0_241-b07)
# Java VM: Java HotSpot(TM) 64-Bit Server VM (25.241-b07 mixed mode windows-amd64 compressed oops)
# Failed to write core dump. Minidumps are not enabled by default on client versions of Windows
#

---------------  T H R E A D  ---------------

Current thread (0x000000001c1a7800):  JavaThread "C2 CompilerThread0" daemon [_thread_in_native, id=33160, stack(0x000000001dbb0000,0x000000001dcb0000)]

Stack: [0x000000001dbb0000,0x000000001dcb0000]
[error occurred during error reporting (printing stack bounds), id 0xc0000005]

Native frames: (J=compiled Java code, j=interpreted, Vv=VM code, C=native code)


Current CompileTask:
C2:   2397 1256 %     4       java.io.WinNTFileSystem::normalize @ 22 (143 bytes)


---------------  P R O C E S S  ---------------

Java Threads: ( => current thread )
  0x000000001d591800 JavaThread "Service Thread" daemon [_thread_blocked, id=35364, stack(0x000000001deb0000,0x000000001dfb0000)]
  0x000000001d53e800 JavaThread "C1 CompilerThread2" daemon [_thread_blocked, id=27196, stack(0x000000001ddb0000,0x000000001deb0000)]
  0x000000001c1aa800 JavaThread "C2 CompilerThread1" daemon [_thread_blocked, id=30880, stack(0x000000001dcb0000,0x000000001ddb0000)]
=>0x000000001c1a7800 JavaThread "C2 CompilerThread0" daemon [_thread_in_native, id=33160, stack(0x000000001dbb0000,0x000000001dcb0000)]
  0x000000001c1a5800 JavaThread "Monitor Ctrl-Break" daemon [_thread_in_native, id=30864, stack(0x000000001dab0000,0x000000001dbb0000)]
  0x000000001c18c800 JavaThread "Attach Listener" daemon [_thread_blocked, id=14996, stack(0x000000001d9b0000,0x000000001dab0000)]
  0x000000001d4f3800 JavaThread "Signal Dispatcher" daemon [_thread_blocked, id=10016, stack(0x000000001d8b0000,0x000000001d9b0000)]
  0x000000000295e800 JavaThread "Finalizer" daemon [_thread_blocked, id=24216, stack(0x000000001d3b0000,0x000000001d4b0000)]
  0x000000001c14a800 JavaThread "Reference Handler" daemon [_thread_blocked, id=8200, stack(0x000000001d2b0000,0x000000001d3b0000)]
  0x000000000286b800 JavaThread "main" [_thread_in_vm, id=37856, stack(0x0000000002760000,0x0000000002860000)]

Other Threads:
  0x000000001c127000 VMThread [stack: 0x000000001d1b0000,0x000000001d2b0000] [id=34756]
  0x000000001d614800 WatcherThread [stack: 0x000000001dfb0000,0x000000001e0b0000] [id=34984]

VM state:not at safepoint (normal execution)

VM Mutex/Monitor currently owned by a thread: None

heap address: 0x00000006c1800000, size: 4072 MB, Compressed Oops mode: Zero based, Oop shift amount: 3
Narrow klass base: 0x0000000000000000, Narrow klass shift: 3
Compressed class space size: 1073741824 Address: 0x00000007c0000000

Heap:
 PSYoungGen      total 76288K, used 31665K [0x000000076b300000, 0x0000000770800000, 0x00000007c0000000)
  eden space 65536K, 37% used [0x000000076b300000,0x000000076cb4c048,0x000000076f300000)
  from space 10752K, 63% used [0x000000076f300000,0x000000076f9a0508,0x000000076fd80000)
  to   space 10752K, 0% used [0x000000076fd80000,0x000000076fd80000,0x0000000770800000)
 ParOldGen       total 175104K, used 16K [0x00000006c1800000, 0x00000006cc300000, 0x000000076b300000)
  object space 175104K, 0% used [0x00000006c1800000,0x00000006c1804000,0x00000006cc300000)
 Metaspace       used 13579K, capacity 14626K, committed 14848K, reserved 1062912K
  class space    used 1724K, capacity 1955K, committed 2048K, reserved 1048576K

Card table byte_map: [0x0000000011f30000,0x0000000012730000] byte_map_base: 0x000000000e924000

Marking Bits: (ParMarkBitMap*) 0x0000000056d8be30
 Begin Bits: [0x0000000013080000, 0x0000000017020000)
 End Bits:   [0x0000000017020000, 0x000000001afc0000)

Polling page: 0x00000000022f0000

CodeCache: size=245760Kb used=4622Kb max_used=4630Kb free=241137Kb
 bounds [0x0000000002b70000, 0x0000000003000000, 0x0000000011b70000]
 total_blobs=1640 nmethods=1269 adapters=283
 compilation: enabled

Compilation events (10 events):
Event: 2.339 Thread 0x000000001d53e800 nmethod 1261 0x0000000002ff3790 code [0x0000000002ff3900, 0x0000000002ff3b10]
Event: 2.339 Thread 0x000000001d53e800 1262       1       org.springframework.boot.context.properties.source.ConfigurationPropertyName$ElementType::isIndexed (5 bytes)
Event: 2.339 Thread 0x000000001d53e800 nmethod 1262 0x0000000002ff34d0 code [0x0000000002ff3620, 0x0000000002ff3730]
Event: 2.357 Thread 0x000000001d53e800 1263       3       jdk.internal.org.objectweb.asm.ClassWriter::visitField (16 bytes)
Event: 2.357 Thread 0x000000001d53e800 nmethod 1263 0x0000000002ff3050 code [0x0000000002ff31c0, 0x0000000002ff33e8]
Event: 2.357 Thread 0x000000001d53e800 1264       3       jdk.internal.org.objectweb.asm.FieldVisitor::<init> (7 bytes)
Event: 2.357 Thread 0x000000001d53e800 nmethod 1264 0x0000000002ff29d0 code [0x0000000002ff2b60, 0x0000000002ff2ec8]
Event: 2.357 Thread 0x000000001d53e800 1265       3       jdk.internal.org.objectweb.asm.FieldWriter::visitEnd (1 bytes)
Event: 2.357 Thread 0x000000001d53e800 nmethod 1265 0x0000000002ff2690 code [0x0000000002ff27e0, 0x0000000002ff2930]
Event: 2.364 Thread 0x000000001c1aa800 1266       4       java.util.jar.Manifest$FastInputStream::readLine (167 bytes)

GC Heap History (2 events):
Event: 1.938 GC heap before
{Heap before GC invocations=1 (full 0):
 PSYoungGen      total 76288K, used 65536K [0x000000076b300000, 0x0000000770800000, 0x00000007c0000000)
  eden space 65536K, 100% used [0x000000076b300000,0x000000076f300000,0x000000076f300000)
  from space 10752K, 0% used [0x000000076fd80000,0x000000076fd80000,0x0000000770800000)
  to   space 10752K, 0% used [0x000000076f300000,0x000000076f300000,0x000000076fd80000)
 ParOldGen       total 175104K, used 0K [0x00000006c1800000, 0x00000006cc300000, 0x000000076b300000)
  object space 175104K, 0% used [0x00000006c1800000,0x00000006c1800000,0x00000006cc300000)
 Metaspace       used 11365K, capacity 12352K, committed 12416K, reserved 1060864K
  class space    used 1438K, capacity 1638K, committed 1664K, reserved 1048576K
Event: 1.950 GC heap after
Heap after GC invocations=1 (full 0):
 PSYoungGen      total 76288K, used 6785K [0x000000076b300000, 0x0000000770800000, 0x00000007c0000000)
  eden space 65536K, 0% used [0x000000076b300000,0x000000076b300000,0x000000076f300000)
  from space 10752K, 63% used [0x000000076f300000,0x000000076f9a0508,0x000000076fd80000)
  to   space 10752K, 0% used [0x000000076fd80000,0x000000076fd80000,0x0000000770800000)
 ParOldGen       total 175104K, used 16K [0x00000006c1800000, 0x00000006cc300000, 0x000000076b300000)
  object space 175104K, 0% used [0x00000006c1800000,0x00000006c1804000,0x00000006cc300000)
 Metaspace       used 11365K, capacity 12352K, committed 12416K, reserved 1060864K
  class space    used 1438K, capacity 1638K, committed 1664K, reserved 1048576K
}

Deoptimization events (8 events):
Event: 1.361 Thread 0x000000000286b800 Uncommon trap: reason=unstable_if action=reinterpret pc=0x0000000002ddde8c method=sun.misc.URLClassPath$JarLoader.getResource(Ljava/lang/String;Z)Lsun/misc/Resource; @ 15
Event: 1.530 Thread 0x000000000286b800 Uncommon trap: reason=unstable_if action=reinterpret pc=0x0000000002f2c4a4 method=java.lang.String.lastIndexOf([CII[CIII)I @ 17
Event: 1.713 Thread 0x000000000286b800 Uncommon trap: reason=class_check action=maybe_recompile pc=0x0000000002d228f4 method=java.lang.String.equals(Ljava/lang/Object;)Z @ 8
Event: 1.713 Thread 0x000000000286b800 Uncommon trap: reason=class_check action=maybe_recompile pc=0x0000000002d228f4 method=java.lang.String.equals(Ljava/lang/Object;)Z @ 8
Event: 1.718 Thread 0x000000000286b800 Uncommon trap: reason=class_check action=maybe_recompile pc=0x0000000002d228f4 method=java.lang.String.equals(Ljava/lang/Object;)Z @ 8
Event: 1.718 Thread 0x000000000286b800 Uncommon trap: reason=class_check action=maybe_recompile pc=0x0000000002d228f4 method=java.lang.String.equals(Ljava/lang/Object;)Z @ 8
Event: 1.918 Thread 0x000000000286b800 Uncommon trap: reason=unstable_if action=reinterpret pc=0x0000000002dfe23c method=java.io.WinNTFileSystem.normalize(Ljava/lang/String;)Ljava/lang/String; @ 128
Event: 2.126 Thread 0x000000000286b800 Uncommon trap: reason=range_check action=make_not_entrant pc=0x0000000002d99d68 method=sun.reflect.generics.parser.SignatureParser.current()C @ 34

Classes redefined (0 events):
No events

Internal exceptions (10 events):
Event: 1.345 Thread 0x000000000286b800 Exception <a 'java/lang/NoSuchMethodError': java.lang.Object.lambda$thenComparing$36697e65$1(Ljava/util/Comparator;Ljava/lang/Object;Ljava/lang/Object;)I> (0x000000076d1284a0) thrown at [C:\ade\jenkins\workspace\8-2-build-windows-amd64-cygwin\jdk8u241\331
Event: 1.407 Thread 0x000000000286b800 Exception <a 'java/lang/NoSuchMethodError': java.lang.Object.lambda$and$0(Ljava/util/function/Predicate;Ljava/lang/Object;)Z> (0x000000076d4b8d00) thrown at [C:\ade\jenkins\workspace\8-2-build-windows-amd64-cygwin\jdk8u241\331\hotspot\src\share\vm\interpr
Event: 1.529 Thread 0x000000000286b800 Exception <a 'java/io/FileNotFoundException'> (0x000000076da4da58) thrown at [C:\ade\jenkins\workspace\8-2-build-windows-amd64-cygwin\jdk8u241\331\hotspot\src\share\vm\prims\jni.cpp, line 710]
Event: 1.612 Thread 0x000000000286b800 Exception <a 'java/lang/NoSuchMethodError': org.slf4j.impl.StaticMDCBinder.getSingleton()Lorg/slf4j/impl/StaticMDCBinder;> (0x000000076ddb64f8) thrown at [C:\ade\jenkins\workspace\8-2-build-windows-amd64-cygwin\jdk8u241\331\hotspot\src\share\vm\interprete
Event: 1.706 Thread 0x000000000286b800 Exception <a 'java/lang/NoSuchMethodError': java.lang.Object.lambda$comparingInt$7b0bb60$1(Ljava/util/function/ToIntFunction;Ljava/lang/Object;Ljava/lang/Object;)I> (0x000000076e36cf28) thrown at [C:\ade\jenkins\workspace\8-2-build-windows-amd64-cygwin\jd
Event: 2.109 Thread 0x000000000286b800 Exception <a 'java/lang/NoSuchMethodError': java.lang.Object.lambda$static$0(Ljava/lang/Object;)Ljava/lang/Object;> (0x000000076ba8f050) thrown at [C:\ade\jenkins\workspace\8-2-build-windows-amd64-cygwin\jdk8u241\331\hotspot\src\share\vm\interpreter\linkR
Event: 2.127 Thread 0x000000000286b800 Exception <a 'java/lang/ArrayIndexOutOfBoundsException': 18> (0x000000076bc46de0) thrown at [C:\ade\jenkins\workspace\8-2-build-windows-amd64-cygwin\jdk8u241\331\hotspot\src\share\vm\interpreter\interpreterRuntime.cpp, line 368]
Event: 2.127 Thread 0x000000000286b800 Exception <a 'java/lang/ArrayIndexOutOfBoundsException': 182> (0x000000076bc49338) thrown at [C:\ade\jenkins\workspace\8-2-build-windows-amd64-cygwin\jdk8u241\331\hotspot\src\share\vm\interpreter\interpreterRuntime.cpp, line 368]
Event: 2.127 Thread 0x000000000286b800 Exception <a 'java/lang/ArrayIndexOutOfBoundsException': 60> (0x000000076bc4b7b0) thrown at [C:\ade\jenkins\workspace\8-2-build-windows-amd64-cygwin\jdk8u241\331\hotspot\src\share\vm\interpreter\interpreterRuntime.cpp, line 368]
Event: 2.134 Thread 0x000000000286b800 Exception <a 'java/lang/ArrayIndexOutOfBoundsException': 117> (0x000000076bceefd0) thrown at [C:\ade\jenkins\workspace\8-2-build-windows-amd64-cygwin\jdk8u241\331\hotspot\src\share\vm\interpreter\interpreterRuntime.cpp, line 368]

Events (10 events):
Event: 2.362 loading class org/springframework/boot/WebApplicationType
Event: 2.362 loading class org/springframework/boot/WebApplicationType done
Event: 2.362 loading class org/springframework/boot/test/context/SpringBootTestContextBootstrapper
Event: 2.362 loading class org/springframework/boot/test/context/SpringBootTestContextBootstrapper done
Event: 2.362 loading class org/springframework/web/reactive/DispatcherHandler
Event: 2.362 loading class org/springframework/web/reactive/DispatcherHandler done
Event: 2.362 loading class org/springframework/web/reactive$DispatcherHandler
Event: 2.362 loading class org/springframework/web/reactive$DispatcherHandler done
Event: 2.363 loading class javax/servlet/Servlet
Event: 2.363 loading class javax/servlet/Servlet done


Dynamic libraries:
0x00007ff740790000 - 0x00007ff7407c7000 	E:\Program Files\Java\jdk1.8.0_241\bin\java.exe
0x00007ffa64170000 - 0x00007ffa64365000 	C:\WINDOWS\SYSTEM32\ntdll.dll
0x00007ffa62e40000 - 0x00007ffa62efd000 	C:\WINDOWS\System32\KERNEL32.DLL
0x00007ffa61a10000 - 0x00007ffa61cd8000 	C:\WINDOWS\System32\KERNELBASE.dll
0x00007ffa63760000 - 0x00007ffa6380c000 	C:\WINDOWS\System32\ADVAPI32.dll
0x00007ffa62aa0000 - 0x00007ffa62b3e000 	C:\WINDOWS\System32\msvcrt.dll
0x00007ffa62d30000 - 0x00007ffa62dcb000 	C:\WINDOWS\System32\sechost.dll
0x00007ffa62410000 - 0x00007ffa6253b000 	C:\WINDOWS\System32\RPCRT4.dll
0x00007ffa62270000 - 0x00007ffa62410000 	C:\WINDOWS\System32\USER32.dll
0x00007ffa61e20000 - 0x00007ffa61e42000 	C:\WINDOWS\System32\win32u.dll
0x00007ffa62240000 - 0x00007ffa6226a000 	C:\WINDOWS\System32\GDI32.dll
0x00007ffa61d10000 - 0x00007ffa61e1b000 	C:\WINDOWS\System32\gdi32full.dll
0x00007ffa61f00000 - 0x00007ffa61f9d000 	C:\WINDOWS\System32\msvcp_win.dll
0x00007ffa62000000 - 0x00007ffa62100000 	C:\WINDOWS\System32\ucrtbase.dll
0x00007ffa524d0000 - 0x00007ffa5276a000 	C:\WINDOWS\WinSxS\amd64_microsoft.windows.common-controls_6595b64144ccf1df_6.0.19041.844_none_ca00b6081b84eb1d\COMCTL32.dll
0x00007ffa62710000 - 0x00007ffa62740000 	C:\WINDOWS\System32\IMM32.DLL
0x0000000056e10000 - 0x0000000056ee2000 	E:\Program Files\Java\jdk1.8.0_241\jre\bin\msvcr100.dll
0x0000000056560000 - 0x0000000056e0c000 	E:\Program Files\Java\jdk1.8.0_241\jre\bin\server\jvm.dll
0x00007ffa625c0000 - 0x00007ffa625c8000 	C:\WINDOWS\System32\PSAPI.DLL
0x00007ffa49830000 - 0x00007ffa49839000 	C:\WINDOWS\SYSTEM32\WSOCK32.dll
0x00007ffa52970000 - 0x00007ffa52997000 	C:\WINDOWS\SYSTEM32\WINMM.dll
0x00007ffa62cc0000 - 0x00007ffa62d2b000 	C:\WINDOWS\System32\WS2_32.dll
0x00007ffa61460000 - 0x00007ffa6146a000 	C:\WINDOWS\SYSTEM32\VERSION.dll
0x00007ffa48650000 - 0x00007ffa4865f000 	E:\Program Files\Java\jdk1.8.0_241\jre\bin\verify.dll
0x00007ffa48360000 - 0x00007ffa48389000 	E:\Program Files\Java\jdk1.8.0_241\jre\bin\java.dll
0x00007ffa381f0000 - 0x00007ffa38213000 	E:\Program Files\Java\jdk1.8.0_241\jre\bin\instrument.dll
0x00007ffa47f90000 - 0x00007ffa47fa6000 	E:\Program Files\Java\jdk1.8.0_241\jre\bin\zip.dll
0x00007ffa62ff0000 - 0x00007ffa63732000 	C:\WINDOWS\System32\SHELL32.dll
0x00007ffa5f5c0000 - 0x00007ffa5fd51000 	C:\WINDOWS\SYSTEM32\windows.storage.dll
0x00007ffa62740000 - 0x00007ffa62a95000 	C:\WINDOWS\System32\combase.dll
0x00007ffa612b0000 - 0x00007ffa612dc000 	C:\WINDOWS\SYSTEM32\Wldp.dll
0x00007ffa63f50000 - 0x00007ffa63ffe000 	C:\WINDOWS\System32\SHCORE.dll
0x00007ffa621e0000 - 0x00007ffa62235000 	C:\WINDOWS\System32\shlwapi.dll
0x00007ffa617f0000 - 0x00007ffa6180f000 	C:\WINDOWS\SYSTEM32\profapi.dll
0x00007ffa42820000 - 0x00007ffa4283a000 	D:\ideaIU-2020.2.2.win\bin\breakgen64.dll
0x00007ffa471b0000 - 0x00007ffa471ca000 	E:\Program Files\Java\jdk1.8.0_241\jre\bin\net.dll
0x00007ffa61020000 - 0x00007ffa6108a000 	C:\WINDOWS\system32\mswsock.dll
0x00007ffa46d60000 - 0x00007ffa46d72000 	E:\Program Files\Java\jdk1.8.0_241\jre\bin\nio.dll

VM Arguments:
jvm_args: -ea -Didea.test.cyclic.buffer.size=1048576 -javaagent:D:\ideaIU-2020.2.2.win\lib\idea_rt.jar=1143:D:\ideaIU-2020.2.2.win\bin -Dfile.encoding=UTF-8 
java_command: com.intellij.rt.junit.JUnitStarter -ideVersion5 -junit5 com.liang.iotmall.product.IotmallProductApplicationTests,testFindPath
java_class_path (initial): D:\ideaIU-2020.2.2.win\lib\idea_rt.jar;C:\Users\Administrator\.m2\repository\org\junit\platform\junit-platform-launcher\1.5.2\junit-platform-launcher-1.5.2.jar;C:\Users\Administrator\.m2\repository\org\apiguardian\apiguardian-api\1.1.0\apiguardian-api-1.1.0.jar;C:\Users\Administrator\.m2\repository\org\junit\platform\junit-platform-engine\1.5.2\junit-platform-engine-1.5.2.jar;C:\Users\Administrator\.m2\repository\org\opentest4j\opentest4j\1.2.0\opentest4j-1.2.0.jar;C:\Users\Administrator\.m2\repository\org\junit\platform\junit-platform-commons\1.5.2\junit-platform-commons-1.5.2.jar;C:\Users\Administrator\.m2\repository\org\junit\vintage\junit-vintage-engine\5.5.2\junit-vintage-engine-5.5.2.jar;C:\Users\Administrator\.m2\repository\junit\junit\4.12\junit-4.12.jar;C:\Users\Administrator\.m2\repository\org\hamcrest\hamcrest-core\1.3\hamcrest-core-1.3.jar;D:\ideaIU-2020.2.2.win\plugins\junit\lib\junit5-rt.jar;D:\ideaIU-2020.2.2.win\plugins\junit\lib\junit-rt.jar;E:\Program Files\Java\jdk1.8.0_241\jre\lib\charsets.jar;E:\Program Files\Java\jdk1.8.0_241\jre\lib\deploy.jar;E:\Program Files\Java\jdk1.8.0_241\jre\lib\ext\access-bridge-64.jar;E:\Program Files\Java\jdk1.8.0_241\jre\lib\ext\cldrdata.jar;E:\Program Files\Java\jdk1.8.0_241\jre\lib\ext\dnsns.jar;E:\Program Files\Java\jdk1.8.0_241\jre\lib\ext\jaccess.jar;E:\Program Files\Java\jdk1.8.0_241\jre\lib\ext\jfxrt.jar;E:\Program Files\Java\jdk1.8.0_241\jre\lib\ext\localedata.jar;E:\Program Files\Java\jdk1.8.0_241\jre\lib\ext\nashorn.jar;E:\Program Files\Java\jdk1.8.0_241\jre\lib\ext\sunec.jar;E:\Program Files\Java\jdk1.8.0_241\jre\lib\ext\sunjce_provider.jar;E:\Program Files\Java\jdk1.8.0_241\jre\lib\ext\sunmscapi.jar;E:\Program Files\Java\jdk1.8.0_241\jre\lib\ext\sunpkcs11.jar;E:\Program Files\Java\jdk1.8.0_241\jre\lib\ext\zipfs.jar;E:\Program Files\Java\jdk1.8.0_241\jre\lib\javaws.jar;E:\Program Files\Java\jdk1.8.0_241\jre\lib\jce.jar;E:\Program Files\Java\jdk1.8.0_241\jre\lib\jfr.jar;E:\Prog
Launcher Type: SUN_STANDARD

Environment Variables:
JAVA_HOME=E:\Program Files\Java\jdk1.8.0_241
CLASSPATH=.;E:\Program Files\Java\jdk1.8.0_241\lib;E:\Program Files\Java\jdk1.8.0_241\lib\tools.jar
PATH=C:\Program Files (x86)\NetSarang\Xftp 6\;C:\MinGW\bin\;E:\Program Files\Java\jdk1.8.0_241\bin;C:\Program Files (x86)\Common Files\Oracle\Java\javapath;C:\Windows\system32;C:\Windows;C:\Windows\System32\Wbem;C:\Windows\System32\WindowsPowerShell\v1.0\;C:\Windows\System32\OpenSSH\;C:\Program Files (x86)\NVIDIA Corporation\PhysX\Common;D:\sdk\platform-tools;D:\sdk\tools;C:\Program Files (x86)\essysadmintools;C:\WINDOWS\system32;C:\WINDOWS;C:\WINDOWS\System32\Wbem;C:\WINDOWS\System32\WindowsPowerShell\v1.0\;C:\WINDOWS\System32\OpenSSH\;E:\Git\cmd;E:\Maven\apache-maven-3.6.3-bin\apache-maven-3.6.3\bin\bin;E:\Maven\apache-maven-3.6.3-bin\apache-maven-3.6.3\bin;C:\Program Files\VisualSVN Server\bin;C:\Program Files\TortoiseSVN\bin;C:\Program Files\dotnet\;C:\Program Files (x86)\NetSarang\Xshell 7\;E:\Program Files\nodejs\;E:\Python\Scripts\;E:\Python\;C:\Users\Administrator\AppData\Local\Microsoft\WindowsApps;E:\Bandizip\;C:\Users\Administrator\AppData\Roaming\npm;
USERNAME=Balazar
OS=Windows_NT
PROCESSOR_IDENTIFIER=Intel64 Family 6 Model 142 Stepping 9, GenuineIntel



---------------  S Y S T E M  ---------------

OS: Windows 10.0 , 64 bit Build 19041 (10.0.19041.804)

CPU:total 4 (initial active 4) (2 cores per cpu, 2 threads per core) family 6 model 142 stepping 9, cmov, cx8, fxsr, mmx, sse, sse2, sse3, ssse3, sse4.1, sse4.2, popcnt, avx, avx2, aes, clmul, erms, 3dnowpref, lzcnt, ht, tsc, tscinvbit, bmi1, bmi2, adx

Memory: 4k page, physical 16673240k(1945076k free), swap 27470200k(5444k free)

vm_info: Java HotSpot(TM) 64-Bit Server VM (25.241-b07) for windows-amd64 JRE (1.8.0_241-b07), built on Dec 11 2019 10:21:40 by "rejava" with MS VC++ 10.0 (VS2010)

time: Wed Apr 14 20:47:22 2021
timezone: 中国标准时间
elapsed time: 2 seconds (0d 0h 0m 2s)

